<?xml version="1.0" encoding="UTF-8"?>
<!-- Generated by org.testng.reporters.JUnitXMLReporter -->
<testsuite ignored="0" hostname="DESKTOP-L3DHNPM" failures="0" tests="4" name="Default test" time="6.185" errors="0" timestamp="2025-12-09T21:15:01 AST">
  <testcase classname="MyTestCases" name="insertintotable" time="0.034"/>
  <testcase classname="MyTestCases" name="UpdateTheData" time="2.028"/>
  <testcase classname="MyTestCases" name="ReadTheDataInsideTheBrowser" time="0.558"/>
  <testcase classname="MyTestCases" name="deleteQuery" time="0.01"/>
</testsuite> <!-- Default test -->
