<?xml version="1.0" encoding="UTF-8"?>
<!-- Generated by org.testng.reporters.JUnitXMLReporter -->
<testsuite ignored="3" hostname="DESKTOP-L3DHNPM" failures="0" tests="2" name="Default test" time="16.445" errors="0" timestamp="2025-12-11T21:38:51 EET">
  <testcase classname="MyTestCases" name="ReadTheDatafromDataBase" time="0.082"/>
  <testcase classname="MyTestCases" name="fillTheDatainTheSignUpPage" time="12.02"/>
  <testcase classname="MyTestCases" name="UpdateTheData" time="0.0">
    <ignored/>
  </testcase> <!-- UpdateTheData -->
  <testcase classname="MyTestCases" name="insertintotable" time="0.0">
    <ignored/>
  </testcase> <!-- insertintotable -->
  <testcase classname="MyTestCases" name="deleteQuery" time="0.0">
    <ignored/>
  </testcase> <!-- deleteQuery -->
</testsuite> <!-- Default test -->
