<?xml version="1.0" encoding="UTF-8"?>
<testng-results ignored="0" total="2" passed="2" failed="0" skipped="0">
  <reporter-output>
  </reporter-output>
  <suite started-at="2025-12-07T21:15:04 AST" name="Default suite" finished-at="2025-12-07T21:15:12 AST" duration-ms="7058">
    <groups>
    </groups>
    <test started-at="2025-12-07T21:15:04 AST" name="Default test" finished-at="2025-12-07T21:15:12 AST" duration-ms="7058">
      <class name="MyTestCases">
        <test-method is-config="true" signature="mySetup()[pri:0, instance:MyTestCases@78f5c518]" started-at="2025-12-07T21:15:05 AST" name="mySetup" finished-at="2025-12-07T21:15:09 AST" duration-ms="4521" status="PASS">
          <reporter-output>
          </reporter-output>
        </test-method> <!-- mySetup -->
        <test-method signature="UpdateTheData()[pri:1, instance:MyTestCases@78f5c518]" started-at="2025-12-07T21:15:09 AST" name="UpdateTheData" finished-at="2025-12-07T21:15:11 AST" duration-ms="2049" status="PASS">
          <reporter-output>
          </reporter-output>
        </test-method> <!-- UpdateTheData -->
        <test-method signature="ReadTheDataInsideTheBrowser()[pri:2, instance:MyTestCases@78f5c518]" started-at="2025-12-07T21:15:11 AST" name="ReadTheDataInsideTheBrowser" finished-at="2025-12-07T21:15:12 AST" duration-ms="364" status="PASS">
          <reporter-output>
          </reporter-output>
        </test-method> <!-- ReadTheDataInsideTheBrowser -->
      </class> <!-- MyTestCases -->
    </test> <!-- Default test -->
  </suite> <!-- Default suite -->
</testng-results>
