<?xml version="1.0" encoding="UTF-8"?>
<testng-results ignored="0" total="4" passed="4" failed="0" skipped="0">
  <reporter-output>
  </reporter-output>
  <suite started-at="2025-12-09T21:14:55 AST" name="Default suite" finished-at="2025-12-09T21:15:01 AST" duration-ms="6185">
    <groups>
    </groups>
    <test started-at="2025-12-09T21:14:55 AST" name="Default test" finished-at="2025-12-09T21:15:01 AST" duration-ms="6185">
      <class name="MyTestCases">
        <test-method is-config="true" signature="mySetup()[pri:0, instance:MyTestCases@753432a2]" started-at="2025-12-09T21:14:55 AST" name="mySetup" finished-at="2025-12-09T21:14:59 AST" duration-ms="3469" status="PASS">
          <reporter-output>
          </reporter-output>
        </test-method> <!-- mySetup -->
        <test-method signature="insertintotable()[pri:1, instance:MyTestCases@753432a2]" started-at="2025-12-09T21:14:59 AST" name="insertintotable" finished-at="2025-12-09T21:14:59 AST" duration-ms="34" status="PASS">
          <reporter-output>
          </reporter-output>
        </test-method> <!-- insertintotable -->
        <test-method signature="UpdateTheData()[pri:2, instance:MyTestCases@753432a2]" started-at="2025-12-09T21:14:59 AST" name="UpdateTheData" finished-at="2025-12-09T21:15:01 AST" duration-ms="2028" status="PASS">
          <reporter-output>
          </reporter-output>
        </test-method> <!-- UpdateTheData -->
        <test-method signature="ReadTheDataInsideTheBrowser()[pri:3, instance:MyTestCases@753432a2]" started-at="2025-12-09T21:15:01 AST" name="ReadTheDataInsideTheBrowser" finished-at="2025-12-09T21:15:01 AST" duration-ms="558" status="PASS">
          <reporter-output>
          </reporter-output>
        </test-method> <!-- ReadTheDataInsideTheBrowser -->
        <test-method signature="deleteQuery()[pri:4, instance:MyTestCases@753432a2]" started-at="2025-12-09T21:15:01 AST" name="deleteQuery" finished-at="2025-12-09T21:15:01 AST" duration-ms="10" status="PASS">
          <reporter-output>
          </reporter-output>
        </test-method> <!-- deleteQuery -->
      </class> <!-- MyTestCases -->
    </test> <!-- Default test -->
  </suite> <!-- Default suite -->
</testng-results>
