<?xml version="1.0" encoding="UTF-8"?>
<!-- Generated by org.testng.reporters.JUnitReportReporter -->
<testsuite hostname="DESKTOP-L3DHNPM" failures="0" tests="4" name="MyTestCases" time="2.630" errors="0" timestamp="2025-12-09T21:15:01 AST" skipped="0">
  <testcase classname="MyTestCases" name="insertintotable" time="0.034"/>
  <testcase classname="MyTestCases" name="UpdateTheData" time="2.028"/>
  <testcase classname="MyTestCases" name="ReadTheDataInsideTheBrowser" time="0.558"/>
  <testcase classname="MyTestCases" name="deleteQuery" time="0.010"/>
</testsuite> <!-- MyTestCases -->
