<?xml version="1.0" encoding="UTF-8"?>
<!-- Generated by org.testng.reporters.JUnitReportReporter -->
<testsuite hostname="DESKTOP-L3DHNPM" failures="0" tests="5" name="MyTestCases" time="12.112" errors="0" timestamp="2025-12-11T21:38:52 EET" skipped="3">
  <testcase classname="MyTestCases" name="ReadTheDatafromDataBase" time="0.091"/>
  <testcase classname="MyTestCases" name="fillTheDatainTheSignUpPage" time="12.021"/>
  <testcase classname="MyTestCases" name="UpdateTheData">
    <skipped/>
  </testcase> <!-- UpdateTheData -->
  <testcase classname="MyTestCases" name="insertintotable">
    <skipped/>
  </testcase> <!-- insertintotable -->
  <testcase classname="MyTestCases" name="deleteQuery">
    <skipped/>
  </testcase> <!-- deleteQuery -->
</testsuite> <!-- MyTestCases -->
